{"message":"saved flight with id 724f6ebd-5e8b-42e4-bba7-3e76fcb4be08 created","level":"info"}
{"message":"saved flight with id 7f4bf759-9f62-4466-be76-6e563e8c002e created","level":"info"}
{"message":"saved flight with id e878d2f7-17f8-47f7-b73d-62cb4ec45dae created","level":"info"}
{"message":"saved flight with id 2417e130-6c49-47c2-bbb7-1e5f7ac90208 created","level":"info"}
{"message":"title is required","level":"error"}
{"message":"title is required","level":"error"}
{"message":"title is required","level":"error"}
{"message":"title is required","level":"error"}
{"message":"Bookmark with id 1 created.","level":"info"}
{"message":"Bookmark with id 2 created.","level":"info"}
{"message":"Bookmark with id 3 created.","level":"info"}
{"message":"Bookmark with id 4 created.","level":"info"}
{"message":"Bookmark with id 5 created.","level":"info"}
{"message":"Bookmark with id 6 created.","level":"info"}
{"message":"Flight with id 6 not found.","level":"error"}
{"message":"Flight with id 6 not found.","level":"error"}
{"message":"Flight with id 6 deleted.","level":"info"}
{"message":"Flight with id 5 deleted.","level":"info"}
{"message":"Flight with id 5 deleted.","level":"info"}
{"message":"Flight with id 5 deleted.","level":"info"}
{"message":"Flight with id 5 deleted.","level":"info"}
{"message":"Flight with id 6 deleted.","level":"info"}
{"message":"Flight with id 6 deleted.","level":"info"}
{"message":"Flight with id 10 created.","level":"info"}
{"message":"Flight with id 11 created.","level":"info"}
{"message":"Flight with id 10 deleted.","level":"info"}
{"message":"Flight with id 12 created.","level":"info"}
{"message":"Flight with id 13 created.","level":"info"}
{"message":"Flight with id 13 deleted.","level":"info"}
{"message":"departure is required","level":"error"}
